2016-05-21 13:03:36,689 WARNING: File IO Exception raised - could not delete: graphing/24hr.csv
2016-05-21 13:03:36,705 WARNING: File IO Exception raised - could not delete: graphing/24hr.csv
2016-05-21 13:03:36,709 WARNING: File IO Exception raised - could not delete: graphing/diffs.csv
2016-05-21 15:29:34,489 WARNING: File IO Exception raised whilst accessing file: graphing/Dalmore01.1minbins.csv
2016-05-21 15:29:50,137 WARNING: File IO Exception raised whilst accessing file: graphing/Dalmore01.1minbins.csv
2016-05-21 15:30:21,278 WARNING: File IO Exception raised - could not delete: graphing/diffs.csv
2016-05-21 15:30:21,280 WARNING: File IO Exception raised whilst accessing file: graphing/diffs.csv
2016-05-21 15:30:36,537 WARNING: File IO Exception raised - could not delete: graphing/diffs.csv
2016-05-21 15:30:36,538 WARNING: File IO Exception raised whilst accessing file: graphing/diffs.csv
2016-05-21 15:30:52,430 WARNING: File IO Exception raised - could not delete: graphing/diffs.csv
2016-05-21 15:30:52,431 WARNING: File IO Exception raised whilst accessing file: graphing/diffs.csv
2016-05-21 15:31:08,009 WARNING: File IO Exception raised - could not delete: graphing/diffs.csv
2016-05-21 15:31:08,010 WARNING: File IO Exception raised whilst accessing file: graphing/diffs.csv
2016-05-21 15:31:23,572 WARNING: File IO Exception raised - could not delete: graphing/diffs.csv
2016-05-21 15:31:23,573 WARNING: File IO Exception raised whilst accessing file: graphing/diffs.csv
2016-05-21 15:34:45,902 WARNING: File IO Exception raised whilst accessing file: graphing/Dalmore01.1minbins.csv
2016-05-21 15:35:01,488 WARNING: File IO Exception raised whilst accessing file: graphing/Dalmore01.1minbins.csv
2016-05-21 15:35:17,443 WARNING: File IO Exception raised whilst accessing file: graphing/Dalmore01.1minbins.csv
2016-05-21 15:35:33,042 WARNING: File IO Exception raised whilst accessing file: graphing/Dalmore01.1minbins.csv
2016-05-21 15:35:48,307 WARNING: File IO Exception raised whilst accessing file: graphing/Dalmore01.1minbins.csv
2016-05-21 15:37:15,878 WARNING: File IO Exception raised - could not delete: graphing/24hr.csv
2016-05-21 15:37:15,897 WARNING: File IO Exception raised - could not delete: graphing/24hr.csv
2016-05-21 15:37:15,902 WARNING: File IO Exception raised - could not delete: graphing/diffs.csv
2016-05-21 15:39:51,219 WARNING: File IO Exception raised - could not delete: graphing/diffs.csv
2016-05-21 15:39:51,220 WARNING: File IO Exception raised whilst accessing file: graphing/diffs.csv
2016-05-21 15:40:06,787 WARNING: File IO Exception raised - could not delete: graphing/diffs.csv
2016-05-21 15:40:06,788 WARNING: File IO Exception raised whilst accessing file: graphing/diffs.csv
2016-05-21 15:40:22,415 WARNING: File IO Exception raised - could not delete: graphing/diffs.csv
2016-05-21 15:40:22,416 WARNING: File IO Exception raised whilst accessing file: graphing/diffs.csv
2016-05-21 15:41:13,737 WARNING: File IO Exception raised - could not delete: graphing/24hr.csv
2016-05-21 15:41:13,737 WARNING: File IO Exception raised whilst accessing file: graphing/24hr.csv
2016-05-21 15:41:44,914 WARNING: File IO Exception raised - could not delete: graphing/diffs.csv
2016-05-21 15:41:44,915 WARNING: File IO Exception raised whilst accessing file: graphing/diffs.csv
2016-05-21 15:42:00,792 WARNING: File IO Exception raised - could not delete: graphing/diffs.csv
2016-05-21 15:42:00,793 WARNING: File IO Exception raised whilst accessing file: graphing/diffs.csv
2016-05-21 15:42:16,106 WARNING: File IO Exception raised - could not delete: graphing/diffs.csv
2016-05-21 15:42:16,106 WARNING: File IO Exception raised whilst accessing file: graphing/diffs.csv
2016-05-21 15:42:31,970 WARNING: File IO Exception raised - could not delete: graphing/diffs.csv
2016-05-21 15:42:31,971 WARNING: File IO Exception raised whilst accessing file: graphing/diffs.csv
2016-05-21 15:43:27,287 WARNING: File IO Exception raised - could not delete: graphing/diffs.csv
2016-05-21 15:43:27,288 WARNING: File IO Exception raised whilst accessing file: graphing/diffs.csv
2016-05-21 15:43:43,213 WARNING: File IO Exception raised - could not delete: graphing/diffs.csv
2016-05-21 15:43:43,213 WARNING: File IO Exception raised whilst accessing file: graphing/diffs.csv
2016-05-21 15:43:58,439 WARNING: File IO Exception raised - could not delete: graphing/diffs.csv
2016-05-21 15:43:58,439 WARNING: File IO Exception raised whilst accessing file: graphing/diffs.csv
2016-05-21 15:44:14,297 WARNING: File IO Exception raised - could not delete: graphing/diffs.csv
2016-05-21 15:44:14,297 WARNING: File IO Exception raised whilst accessing file: graphing/diffs.csv
2016-05-27 09:50:29,113 CRITICAL ERROR: Unable to open com port. Please check com port parameters and/or hardware!!
