2017-02-25 14:43:23,435 WARNING: File IO Exception raised - could not delete: graphing/diffs.csv
2017-02-25 14:43:23,436 WARNING: File IO Exception raised whilst accessing file: graphing/diffs.csv
2017-02-25 14:43:23,436 WARNING: File IO Exception raised - could not delete: graphing/04hr.csv
2017-02-25 14:43:23,436 WARNING: File IO Exception raised whilst accessing file: graphing/04hr.csv
2017-02-25 14:43:23,436 WARNING: File IO Exception raised - could not delete: graphing/24hr.csv
2017-02-25 14:43:23,436 WARNING: File IO Exception raised whilst accessing file: graphing/24hr.csv
2017-02-25 14:43:48,026 WARNING: File IO Exception raised - could not delete: graphing/diffs.csv
2017-02-25 14:43:48,040 WARNING: File IO Exception raised - could not delete: graphing/04hr.csv
2017-02-25 14:43:48,048 WARNING: File IO Exception raised - could not delete: graphing/24hr.csv
2017-04-11 23:34:02,193 WARNING: File IO Exception raised - could not delete: graphing/diffs.csv
2017-04-11 23:34:02,210 WARNING: File IO Exception raised - could not delete: graphing/04hr.csv
2017-04-11 23:34:02,217 WARNING: File IO Exception raised - could not delete: graphing/24hr.csv
2017-04-12 07:37:20,395  ERROR: Problem opening file. Unable to create display files
2017-04-12 08:05:00,518 WARNING: File IO Exception raised - could not delete: graphing/diffs.csv
2017-04-12 08:05:00,532 WARNING: File IO Exception raised - could not delete: graphing/04hr.csv
2017-04-12 08:05:00,536 WARNING: File IO Exception raised - could not delete: graphing/24hr.csv
2017-04-12 08:08:12,685 WARNING: File IO Exception raised - could not delete: graphing/diffs.csv
2017-04-12 08:08:12,686 WARNING: File IO Exception raised whilst accessing file: graphing/diffs.csv
2017-04-12 08:10:25,922 WARNING: File IO Exception raised - could not delete: graphing/diffs.csv
2017-04-12 08:10:25,923 WARNING: File IO Exception raised whilst accessing file: graphing/diffs.csv
2017-04-12 08:14:09,862 WARNING: File IO Exception raised - could not delete: graphing/diffs.csv
2017-04-12 08:14:09,863 WARNING: File IO Exception raised whilst accessing file: graphing/diffs.csv
2017-07-30 15:54:14,947 WARNING: File IO Exception raised - could not delete: graphing/diffs.csv
2017-07-30 15:54:14,948 WARNING: File IO Exception raised whilst accessing file: graphing/diffs.csv
2017-07-30 15:58:45,402 WARNING: File IO Exception raised - could not delete: graphing/04hr.csv
2017-07-30 15:58:45,406 WARNING: File IO Exception raised - could not delete: graphing/24hr.csv
2017-07-30 16:07:06,004 WARNING: File IO Exception raised - could not delete: graphing/diffs.csv
2017-07-30 16:10:56,806 WARNING: File IO Exception raised - could not delete: graphing/diffs.csv
2017-07-30 16:10:56,806 WARNING: File IO Exception raised whilst accessing file: graphing/diffs.csv
2017-07-30 16:11:31,138 WARNING: File IO Exception raised - could not delete: graphing/diffs.csv
2017-07-30 16:11:31,138 WARNING: File IO Exception raised whilst accessing file: graphing/diffs.csv
2017-07-30 16:12:12,301 WARNING: File IO Exception raised - could not delete: graphing/24hr.csv
2017-07-30 16:12:12,302 WARNING: File IO Exception raised whilst accessing file: graphing/24hr.csv
2017-07-30 16:16:26,608 WARNING: File IO Exception raised - could not delete: graphing/24hr.csv
2017-07-30 16:16:26,608 WARNING: File IO Exception raised whilst accessing file: graphing/24hr.csv
2017-07-30 17:06:45,373 WARNING: File IO Exception raised - could not delete: graphing/24hr.csv
2017-07-30 17:06:45,384 WARNING: File IO Exception raised whilst accessing file: graphing/24hr.csv
2017-07-30 17:09:34,193 WARNING: File IO Exception raised - could not delete: graphing/24hr.csv
2017-07-30 17:09:34,194 WARNING: File IO Exception raised whilst accessing file: graphing/24hr.csv
