2021-01-02 11:29:53,379 WARNING: unable to parse a time value: 1609496934
2021-01-02 11:29:56,974 GOES_16 ERROR: Could not get data from URL
2021-01-02 11:29:57,853 SW_speed ERROR: Could not get data from URL
2021-01-02 11:29:58,747 SW_Density ERROR: Could not get data from URL
2021-01-02 11:29:59,539 Geomag_Bz ERROR: Could not get data from URL
2021-01-02 11:35:02,797 WARNING: unable to parse a time value: 1609497218
2021-01-02 11:35:03,813 GOES_16 ERROR: Could not get data from URL
2021-01-02 11:35:04,593 SW_speed ERROR: Could not get data from URL
2021-01-02 11:35:04,596 SW_speed ERROR: Unable to parse device data
2021-01-02 11:35:04,596 SW_speed ERROR: Final error state reached
2021-01-02 11:35:05,359 SW_Density ERROR: Could not get data from URL
2021-01-02 11:35:05,363 SW_Density ERROR: Unable to parse device data
2021-01-02 11:35:05,364 SW_Density ERROR: Final error state reached
2021-01-02 11:35:06,122 Geomag_Bz ERROR: Could not get data from URL
2021-01-02 11:35:06,126 Geomag_Bz ERROR: Unable to parse device data
2021-01-02 11:35:06,127 Geomag_Bz ERROR: Final error state reached
2021-01-02 11:40:09,794 WARNING: unable to parse a time value: 1609497500
2021-01-02 11:40:12,022 GOES_16 ERROR: Could not get data from URL
2021-01-02 11:40:12,645 SW_speed ERROR: Could not get data from URL
2021-01-02 11:40:12,648 SW_speed ERROR: Unable to parse device data
2021-01-02 11:40:12,648 SW_speed ERROR: Final error state reached
2021-01-02 11:40:13,322 SW_Density ERROR: Could not get data from URL
2021-01-02 11:40:13,326 SW_Density ERROR: Unable to parse device data
2021-01-02 11:40:13,326 SW_Density ERROR: Final error state reached
2021-01-02 11:40:13,838 Geomag_Bz ERROR: Could not get data from URL
2021-01-02 11:40:13,841 Geomag_Bz ERROR: Unable to parse device data
2021-01-02 11:40:13,841 Geomag_Bz ERROR: Final error state reached
2021-01-02 11:45:16,775 WARNING: unable to parse a time value: 1609497781
2021-01-02 11:45:18,630 GOES_16 ERROR: Could not get data from URL
2021-01-02 11:45:19,386 SW_speed ERROR: Could not get data from URL
2021-01-02 11:45:19,389 SW_speed ERROR: Unable to parse device data
2021-01-02 11:45:19,390 SW_speed ERROR: Final error state reached
2021-01-02 11:45:20,101 SW_Density ERROR: Could not get data from URL
2021-01-02 11:45:20,104 SW_Density ERROR: Unable to parse device data
2021-01-02 11:45:20,105 SW_Density ERROR: Final error state reached
2021-01-02 11:45:20,867 Geomag_Bz ERROR: Could not get data from URL
2021-01-02 11:45:20,869 Geomag_Bz ERROR: Unable to parse device data
2021-01-02 11:45:20,870 Geomag_Bz ERROR: Final error state reached
2021-01-02 11:50:23,799 WARNING: unable to parse a time value: 1609498065
2021-01-02 11:50:26,113 GOES_16 ERROR: Could not get data from URL
2021-01-02 11:50:26,703 SW_speed ERROR: Could not get data from URL
2021-01-02 11:50:26,706 SW_speed ERROR: Unable to parse device data
2021-01-02 11:50:26,706 SW_speed ERROR: Final error state reached
2021-01-02 11:50:27,423 SW_Density ERROR: Could not get data from URL
2021-01-02 11:50:27,426 SW_Density ERROR: Unable to parse device data
2021-01-02 11:50:27,426 SW_Density ERROR: Final error state reached
2021-01-02 11:50:27,937 Geomag_Bz ERROR: Could not get data from URL
2021-01-02 11:50:27,941 Geomag_Bz ERROR: Unable to parse device data
2021-01-02 11:50:27,941 Geomag_Bz ERROR: Final error state reached
2021-01-02 11:55:32,032 WARNING: unable to parse a time value: 1609498347
2021-01-02 11:55:33,838 GOES_16 ERROR: Could not get data from URL
2021-01-02 11:55:34,572 SW_speed ERROR: Could not get data from URL
2021-01-02 11:55:34,575 SW_speed ERROR: Unable to parse device data
2021-01-02 11:55:34,575 SW_speed ERROR: Final error state reached
2021-01-02 11:55:35,303 SW_Density ERROR: Could not get data from URL
2021-01-02 11:55:35,306 SW_Density ERROR: Unable to parse device data
2021-01-02 11:55:35,307 SW_Density ERROR: Final error state reached
2021-01-02 11:55:35,802 Geomag_Bz ERROR: Could not get data from URL
2021-01-02 11:55:35,805 Geomag_Bz ERROR: Unable to parse device data
2021-01-02 11:55:35,805 Geomag_Bz ERROR: Final error state reached
2021-01-02 12:00:38,737 WARNING: unable to parse a time value: 1609498629
2021-01-02 12:00:40,765 GOES_16 ERROR: Could not get data from URL
2021-01-02 12:00:41,361 SW_speed ERROR: Could not get data from URL
2021-01-02 12:00:41,364 SW_speed ERROR: Unable to parse device data
2021-01-02 12:00:41,364 SW_speed ERROR: Final error state reached
2021-01-02 12:00:42,078 SW_Density ERROR: Could not get data from URL
2021-01-02 12:00:42,081 SW_Density ERROR: Unable to parse device data
2021-01-02 12:00:42,081 SW_Density ERROR: Final error state reached
2021-01-02 12:00:42,766 Geomag_Bz ERROR: Could not get data from URL
2021-01-02 12:00:42,768 Geomag_Bz ERROR: Unable to parse device data
2021-01-02 12:00:42,769 Geomag_Bz ERROR: Final error state reached
2021-01-02 12:05:45,736 WARNING: unable to parse a time value: 1609499124
2021-01-02 12:05:46,480 GOES_16 ERROR: Could not get data from URL
2021-01-02 12:05:47,075 SW_speed ERROR: Could not get data from URL
2021-01-02 12:05:47,078 SW_speed ERROR: Unable to parse device data
2021-01-02 12:05:47,078 SW_speed ERROR: Final error state reached
2021-01-02 12:05:47,841 SW_Density ERROR: Could not get data from URL
2021-01-02 12:05:47,844 SW_Density ERROR: Unable to parse device data
2021-01-02 12:05:47,844 SW_Density ERROR: Final error state reached
2021-01-02 12:05:48,355 Geomag_Bz ERROR: Could not get data from URL
2021-01-02 12:05:48,358 Geomag_Bz ERROR: Unable to parse device data
2021-01-02 12:05:48,359 Geomag_Bz ERROR: Final error state reached
2021-01-02 12:10:51,769 WARNING: unable to parse a time value: 1609499406
2021-01-02 12:10:53,622 GOES_16 ERROR: Could not get data from URL
2021-01-02 12:10:54,403 SW_speed ERROR: Could not get data from URL
2021-01-02 12:10:54,406 SW_speed ERROR: Unable to parse device data
2021-01-02 12:10:54,406 SW_speed ERROR: Final error state reached
2021-01-02 12:10:55,075 SW_Density ERROR: Could not get data from URL
2021-01-02 12:10:55,079 SW_Density ERROR: Unable to parse device data
2021-01-02 12:10:55,079 SW_Density ERROR: Final error state reached
2021-01-02 12:10:55,797 Geomag_Bz ERROR: Could not get data from URL
2021-01-02 12:10:55,800 Geomag_Bz ERROR: Unable to parse device data
2021-01-02 12:10:55,800 Geomag_Bz ERROR: Final error state reached
2021-01-02 12:15:58,948 WARNING: unable to parse a time value: 1609499690
2021-01-02 12:16:00,831 GOES_16 ERROR: Could not get data from URL
2021-01-02 12:16:01,622 SW_speed ERROR: Could not get data from URL
2021-01-02 12:16:01,623 SW_speed ERROR: unable to get most recent date from DB
2021-01-02 12:16:01,623 SW_speed ERROR: Final error state reached
2021-01-02 12:16:02,322 SW_Density ERROR: Could not get data from URL
2021-01-02 12:16:02,323 SW_Density ERROR: unable to get most recent date from DB
2021-01-02 12:16:02,324 SW_Density ERROR: Final error state reached
2021-01-02 12:16:03,008 Geomag_Bz ERROR: Could not get data from URL
2021-01-02 12:16:03,009 Geomag_Bz ERROR: unable to get most recent date from DB
2021-01-02 12:16:03,009 Geomag_Bz ERROR: Final error state reached
2021-01-02 12:21:06,787 WARNING: unable to parse a time value: 1609499972
2021-01-02 12:21:08,786 GOES_16 ERROR: Could not get data from URL
2021-01-02 12:21:09,531 SW_speed ERROR: Could not get data from URL
2021-01-02 12:21:10,266 SW_Density ERROR: Could not get data from URL
2021-01-02 12:21:11,045 Geomag_Bz ERROR: Could not get data from URL
2021-01-02 12:26:14,709 WARNING: unable to parse a time value: 1609500253
2021-01-02 12:26:16,597 GOES_16 ERROR: Could not get data from URL
2021-01-02 12:26:17,417 SW_speed ERROR: Could not get data from URL
2021-01-02 12:26:18,163 SW_Density ERROR: Could not get data from URL
2021-01-02 12:26:19,006 Geomag_Bz ERROR: Could not get data from URL
2021-01-02 12:31:23,136 WARNING: unable to parse a time value: 1609500537
2021-01-02 12:31:25,236 GOES_16 ERROR: Could not get data from URL
2021-01-02 12:31:26,496 SW_speed ERROR: Could not get data from URL
2021-01-02 12:31:27,299 SW_Density ERROR: Could not get data from URL
2021-01-02 12:31:28,042 Geomag_Bz ERROR: Could not get data from URL
2021-01-02 12:36:31,730 WARNING: unable to parse a time value: 1609500819
2021-01-02 12:36:34,709 SW_speed ERROR: Could not get data from URL
2021-01-02 12:36:35,506 SW_Density ERROR: Could not get data from URL
2021-01-02 12:36:36,404 Geomag_Bz ERROR: Could not get data from URL
2021-01-02 12:41:39,953 WARNING: unable to parse a time value: 1609501172
2021-01-02 12:41:41,988 GOES_16 ERROR: Could not get data from URL
2021-01-02 12:41:42,907 SW_speed ERROR: Could not get data from URL
2021-01-02 12:41:43,712 SW_Density ERROR: Could not get data from URL
2021-01-02 12:41:44,531 Geomag_Bz ERROR: Could not get data from URL
2021-01-02 12:46:47,757 WARNING: unable to parse a time value: 1609501456
2021-01-02 12:46:49,682 GOES_16 ERROR: Could not get data from URL
2021-01-02 12:46:50,386 SW_speed ERROR: Could not get data from URL
2021-01-02 12:46:51,251 SW_Density ERROR: Could not get data from URL
2021-01-02 12:46:52,088 Geomag_Bz ERROR: Could not get data from URL
2021-01-02 12:51:55,711 WARNING: unable to parse a time value: 1609501880
2021-01-02 12:51:57,598 GOES_16 ERROR: Could not get data from URL
2021-01-02 12:51:58,182 SW_speed ERROR: Could not get data from URL
2021-01-02 12:51:58,777 SW_Density ERROR: Could not get data from URL
2021-01-02 12:51:59,357 Geomag_Bz ERROR: Could not get data from URL
2021-01-02 12:57:02,783 WARNING: unable to parse a time value: 1609502162
2021-01-02 12:57:04,812 GOES_16 ERROR: Could not get data from URL
2021-01-02 12:57:05,435 SW_speed ERROR: Could not get data from URL
2021-01-02 12:57:06,433 SW_Density ERROR: Could not get data from URL
2021-01-02 12:57:07,083 Geomag_Bz ERROR: Could not get data from URL
2021-01-02 13:02:10,766 WARNING: unable to parse a time value: 1609502444
2021-01-02 13:02:12,827 GOES_16 ERROR: Could not get data from URL
2021-01-02 13:02:13,615 SW_speed ERROR: Could not get data from URL
2021-01-02 13:02:14,418 SW_Density ERROR: Could not get data from URL
2021-01-02 13:02:15,340 Geomag_Bz ERROR: Could not get data from URL
2021-01-02 13:07:18,783 WARNING: unable to parse a time value: 1609502728
2021-01-02 13:07:21,282 GOES_16 ERROR: Could not get data from URL
2021-01-02 13:07:22,105 SW_speed ERROR: Could not get data from URL
2021-01-02 13:07:22,831 SW_Density ERROR: Could not get data from URL
2021-01-02 13:07:23,600 Geomag_Bz ERROR: Could not get data from URL
2021-01-02 13:12:26,765 WARNING: unable to parse a time value: 1609503010
2021-01-02 13:12:28,685 GOES_16 ERROR: Could not get data from URL
2021-01-02 13:12:29,593 SW_speed ERROR: Could not get data from URL
2021-01-02 13:12:30,178 SW_Density ERROR: Could not get data from URL
2021-01-02 13:12:31,079 Geomag_Bz ERROR: Could not get data from URL
2021-01-02 13:17:34,802 WARNING: unable to parse a time value: 1609503362
2021-01-02 13:17:36,899 GOES_16 ERROR: Could not get data from URL
2021-01-02 13:17:37,709 SW_speed ERROR: Could not get data from URL
2021-01-02 13:17:38,441 SW_Density ERROR: Could not get data from URL
2021-01-02 13:17:39,358 Geomag_Bz ERROR: Could not get data from URL
2021-01-02 13:22:42,965 WARNING: unable to parse a time value: 1609503647
2021-01-02 13:22:45,092 GOES_16 ERROR: Could not get data from URL
2021-01-02 13:22:45,724 SW_speed ERROR: Could not get data from URL
2021-01-02 13:22:46,509 SW_Density ERROR: Could not get data from URL
2021-01-02 13:22:47,123 Geomag_Bz ERROR: Could not get data from URL
2021-01-02 13:27:50,840 WARNING: unable to parse a time value: 1609503928
2021-01-02 13:27:52,858 GOES_16 ERROR: Could not get data from URL
2021-01-02 13:27:53,874 SW_speed ERROR: Could not get data from URL
2021-01-02 13:27:54,719 SW_Density ERROR: Could not get data from URL
2021-01-02 13:27:55,757 Geomag_Bz ERROR: Could not get data from URL
2021-01-02 13:32:59,989 WARNING: unable to parse a time value: 1609504210
2021-01-02 13:33:02,455 GOES_16 ERROR: Could not get data from URL
2021-01-02 13:33:03,117 SW_speed ERROR: Could not get data from URL
2021-01-02 13:33:03,955 SW_Density ERROR: Could not get data from URL
2021-01-02 13:33:04,599 Geomag_Bz ERROR: Could not get data from URL
2021-01-02 13:38:08,795 WARNING: unable to parse a time value: 1609504494
2021-01-02 13:38:10,893 GOES_16 ERROR: Could not get data from URL
2021-01-02 13:38:11,717 SW_speed ERROR: Could not get data from URL
2021-01-02 13:38:12,558 SW_Density ERROR: Could not get data from URL
2021-01-02 13:38:13,421 Geomag_Bz ERROR: Could not get data from URL
2021-01-02 13:43:17,802 WARNING: unable to parse a time value: 1609504918
2021-01-02 13:43:20,239 GOES_16 ERROR: Could not get data from URL
2021-01-02 13:43:21,327 SW_speed ERROR: Could not get data from URL
2021-01-02 13:43:22,529 SW_Density ERROR: Could not get data from URL
2021-01-02 13:43:23,381 Geomag_Bz ERROR: Could not get data from URL
2021-01-02 13:48:27,794 WARNING: unable to parse a time value: 1609505200
2021-01-02 13:48:29,994 GOES_16 ERROR: Could not get data from URL
2021-01-02 13:48:30,716 SW_speed ERROR: Could not get data from URL
2021-01-02 13:48:31,547 SW_Density ERROR: Could not get data from URL
2021-01-02 13:48:32,391 Geomag_Bz ERROR: Could not get data from URL
2021-01-02 13:53:36,000 WARNING: unable to parse a time value: 1609505553
2021-01-02 13:53:37,945 GOES_16 ERROR: Could not get data from URL
2021-01-02 13:53:39,180 SW_speed ERROR: Could not get data from URL
2021-01-02 13:53:39,996 SW_Density ERROR: Could not get data from URL
2021-01-02 13:53:40,640 Geomag_Bz ERROR: Could not get data from URL
2021-01-02 13:58:44,775 WARNING: unable to parse a time value: 1609505837
2021-01-02 13:58:46,651 GOES_16 ERROR: Could not get data from URL
2021-01-02 13:58:47,261 SW_speed ERROR: Could not get data from URL
2021-01-02 13:58:48,094 SW_Density ERROR: Could not get data from URL
2021-01-02 13:58:48,672 Geomag_Bz ERROR: Could not get data from URL
2021-01-02 14:03:52,751 WARNING: unable to parse a time value: 1609506118
2021-01-02 14:03:54,863 GOES_16 ERROR: Could not get data from URL
2021-01-02 14:03:55,444 SW_speed ERROR: Could not get data from URL
2021-01-02 14:03:56,273 SW_Density ERROR: Could not get data from URL
2021-01-02 14:03:57,084 Geomag_Bz ERROR: Could not get data from URL
2021-01-02 14:09:00,933 WARNING: unable to parse a time value: 1609506400
2021-01-02 14:09:03,111 GOES_16 ERROR: Could not get data from URL
2021-01-02 14:09:03,759 SW_speed ERROR: Could not get data from URL
2021-01-02 14:09:04,491 SW_Density ERROR: Could not get data from URL
2021-01-02 14:09:08,736 Geomag_Bz ERROR: Could not get data from URL
2021-01-02 14:14:12,761 WARNING: unable to parse a time value: 1609506684
2021-01-02 14:14:14,712 GOES_16 ERROR: Could not get data from URL
2021-01-02 14:14:15,434 SW_speed ERROR: Could not get data from URL
2021-01-02 14:14:16,202 SW_Density ERROR: Could not get data from URL
2021-01-02 14:14:16,944 Geomag_Bz ERROR: Could not get data from URL
2021-01-02 14:19:20,783 WARNING: unable to parse a time value: 1609506966
2021-01-02 14:19:22,854 GOES_16 ERROR: Could not get data from URL
2021-01-02 14:19:24,268 SW_speed ERROR: Could not get data from URL
2021-01-02 14:19:25,170 SW_Density ERROR: Could not get data from URL
2021-01-02 14:19:26,131 Geomag_Bz ERROR: Could not get data from URL
2021-01-02 14:24:31,232 WARNING: unable to parse a time value: 1609507461
2021-01-02 14:24:33,278 GOES_16 ERROR: Could not get data from URL
2021-01-02 14:24:34,530 SW_speed ERROR: Could not get data from URL
2021-01-02 14:24:35,363 SW_Density ERROR: Could not get data from URL
2021-01-02 14:24:36,416 Geomag_Bz ERROR: Could not get data from URL
2021-01-02 14:36:32,371 WARNING: unable to parse a time value: 1609508026
2021-01-02 14:36:33,500 GOES_16 ERROR: Could not get data from URL
2021-01-02 14:36:34,304 SW_speed ERROR: Could not get data from URL
2021-01-02 14:36:35,173 SW_Density ERROR: Could not get data from URL
2021-01-02 14:36:36,136 Geomag_Bz ERROR: Could not get data from URL
2021-01-02 14:41:39,814 WARNING: unable to parse a time value: 1609508450
2021-01-02 14:41:41,638 GOES_16 ERROR: Could not get data from URL
2021-01-02 14:41:42,399 SW_speed ERROR: Could not get data from URL
2021-01-02 14:41:43,258 SW_Density ERROR: Could not get data from URL
2021-01-02 14:41:44,124 Geomag_Bz ERROR: Could not get data from URL
2021-01-02 14:46:47,818 WARNING: unable to parse a time value: 1609508732
2021-01-02 14:46:49,820 GOES_16 ERROR: Could not get data from URL
2021-01-02 14:46:50,895 SW_speed ERROR: Could not get data from URL
2021-01-02 14:46:51,645 SW_Density ERROR: Could not get data from URL
2021-01-02 14:46:52,268 Geomag_Bz ERROR: Could not get data from URL
2021-01-02 14:51:55,791 WARNING: unable to parse a time value: 1609509014
2021-01-02 14:51:57,782 GOES_16 ERROR: Could not get data from URL
2021-01-02 14:51:58,411 SW_speed ERROR: Could not get data from URL
2021-01-02 14:51:59,283 SW_Density ERROR: Could not get data from URL
2021-01-02 14:51:59,913 Geomag_Bz ERROR: Could not get data from URL
2021-01-02 14:57:04,057 WARNING: unable to parse a time value: 1609509298
2021-01-02 14:57:06,034 GOES_16 ERROR: Could not get data from URL
2021-01-02 14:57:07,126 SW_speed ERROR: Could not get data from URL
2021-01-02 14:57:08,206 SW_Density ERROR: Could not get data from URL
2021-01-02 14:57:09,039 Geomag_Bz ERROR: Could not get data from URL
2021-01-02 15:02:12,738 WARNING: unable to parse a time value: 1609509650
2021-01-02 15:02:14,753 GOES_16 ERROR: Could not get data from URL
2021-01-02 15:02:15,943 SW_speed ERROR: Could not get data from URL
2021-01-02 15:02:17,219 SW_Density ERROR: Could not get data from URL
2021-01-02 15:02:18,102 Geomag_Bz ERROR: Could not get data from URL
2021-01-02 15:07:21,755 WARNING: unable to parse a time value: 1609509932
2021-01-02 15:07:23,835 GOES_16 ERROR: Could not get data from URL
2021-01-02 15:07:24,467 SW_speed ERROR: Could not get data from URL
2021-01-02 15:07:25,364 SW_Density ERROR: Could not get data from URL
2021-01-02 15:07:26,001 Geomag_Bz ERROR: Could not get data from URL
2021-01-02 15:12:30,011 WARNING: unable to parse a time value: 1609510216
2021-01-02 15:12:32,371 GOES_16 ERROR: Could not get data from URL
2021-01-02 15:12:33,174 SW_speed ERROR: Could not get data from URL
2021-01-02 15:12:33,961 SW_Density ERROR: Could not get data from URL
2021-01-02 15:12:35,088 Geomag_Bz ERROR: Could not get data from URL
2021-01-02 15:17:38,809 WARNING: unable to parse a time value: 1609510498
2021-01-02 15:17:40,697 GOES_16 ERROR: Could not get data from URL
2021-01-02 15:17:41,585 SW_speed ERROR: Could not get data from URL
2021-01-02 15:17:42,378 SW_Density ERROR: Could not get data from URL
2021-01-02 15:17:42,976 Geomag_Bz ERROR: Could not get data from URL
2021-01-02 15:22:47,058 WARNING: unable to parse a time value: 1609510782
2021-01-02 15:22:49,177 GOES_16 ERROR: Could not get data from URL
2021-01-02 15:22:49,804 SW_speed ERROR: Could not get data from URL
2021-01-02 15:22:50,650 SW_Density ERROR: Could not get data from URL
2021-01-02 15:22:51,425 Geomag_Bz ERROR: Could not get data from URL
2021-01-02 15:27:55,758 WARNING: unable to parse a time value: 1609511205
2021-01-02 15:27:58,104 GOES_16 ERROR: Could not get data from URL
2021-01-02 15:27:59,089 SW_speed ERROR: Could not get data from URL
2021-01-02 15:27:59,762 SW_Density ERROR: Could not get data from URL
2021-01-02 15:28:00,413 Geomag_Bz ERROR: Could not get data from URL
2021-01-02 15:33:04,767 WARNING: unable to parse a time value: 1609511487
2021-01-02 15:33:06,419 GOES_16 ERROR: Could not get data from URL
2021-01-02 15:33:07,015 SW_speed ERROR: Could not get data from URL
2021-01-02 15:33:07,692 SW_Density ERROR: Could not get data from URL
2021-01-02 15:33:08,482 Geomag_Bz ERROR: Could not get data from URL
2021-01-02 15:38:12,716 WARNING: unable to parse a time value: 1609511840
2021-01-02 15:38:14,034 GOES_16 ERROR: Could not get data from URL
2021-01-02 15:38:15,044 SW_speed ERROR: Could not get data from URL
2021-01-02 15:38:15,873 SW_Density ERROR: Could not get data from URL
2021-01-02 15:38:16,502 Geomag_Bz ERROR: Could not get data from URL
2021-01-02 15:43:20,757 WARNING: unable to parse a time value: 1609512124
2021-01-02 15:43:22,473 GOES_16 ERROR: Could not get data from URL
2021-01-02 15:43:23,317 SW_speed ERROR: Could not get data from URL
2021-01-02 15:43:24,082 SW_Density ERROR: Could not get data from URL
2021-01-02 15:43:24,672 Geomag_Bz ERROR: Could not get data from URL
2021-01-02 15:48:28,940 WARNING: unable to parse a time value: 1609512406
2021-01-02 15:48:30,927 GOES_16 ERROR: Could not get data from URL
2021-01-02 15:48:31,744 SW_speed ERROR: Could not get data from URL
2021-01-02 15:48:32,600 SW_Density ERROR: Could not get data from URL
2021-01-02 15:48:33,503 Geomag_Bz ERROR: Could not get data from URL
2021-03-15 15:14:45,318 WARNING: unable to parse a time value: 1615731099
2021-03-15 15:14:47,180 GOES_16 ERROR: Could not get data from URL
2021-03-15 15:14:48,011 SW_speed ERROR: Could not get data from URL
2021-03-15 15:14:49,119 SW_Density ERROR: Could not get data from URL
2021-03-15 15:14:49,922 Geomag_Bz ERROR: Could not get data from URL
