2018-04-05 23:11:59,061 Created error log for this session
2018-04-05 23:11:59,061 loading datapoints from CSV: log.csv
2018-04-05 23:11:59,062 SAVING datapoint values to file: log.backup
2018-04-05 23:11:59,063 starting image from URL download
2018-04-05 23:12:01,266 starting image from URL download
2018-04-05 23:12:02,662 Starting new HTTP connection (1): services.swpc.noaa.gov
2018-04-05 23:12:03,000 http://services.swpc.noaa.gov:80 "GET /products/solar-wind/plasma-2-hour.json HTTP/1.1" 200 None
2018-04-05 23:12:03,005 Sum of windspeed: 13139.9
2018-04-05 23:12:03,005 counter: 35
2018-04-05 23:14:11,222 Created error log for this session
2018-04-05 23:14:11,223 loading datapoints from CSV: log.csv
2018-04-05 23:14:11,223 SAVING datapoint values to file: log.backup
2018-04-05 23:14:11,224 starting image from URL download
2018-04-05 23:14:13,242 starting image from URL download
2018-04-05 23:14:14,646 Starting new HTTP connection (1): services.swpc.noaa.gov
2018-04-05 23:14:15,136 http://services.swpc.noaa.gov:80 "GET /products/solar-wind/plasma-2-hour.json HTTP/1.1" 200 None
2018-04-05 23:19:22,217 Created error log for this session
2018-04-05 23:19:22,217 loading datapoints from CSV: log.csv
2018-04-05 23:19:22,218 SAVING datapoint values to file: log.backup
2018-04-05 23:19:22,219 starting image from URL download
2018-04-05 23:19:23,655 starting image from URL download
2018-04-05 23:19:25,661 Starting new HTTP connection (1): services.swpc.noaa.gov
2018-04-05 23:19:25,970 http://services.swpc.noaa.gov:80 "GET /products/solar-wind/plasma-2-hour.json HTTP/1.1" 200 None
2018-04-05 23:19:25,975 SAVING datapoint values to file: log.csv
2018-04-05 23:19:25,976 SAVING datapoint values to file: display.csv
2018-04-05 23:19:57,704 Created error log for this session
2018-04-05 23:19:57,704 loading datapoints from CSV: log.csv
2018-04-05 23:19:57,705 SAVING datapoint values to file: log.backup
2018-04-05 23:19:57,706 starting image from URL download
2018-04-05 23:19:59,638 starting image from URL download
2018-04-05 23:20:01,017 Starting new HTTP connection (1): services.swpc.noaa.gov
2018-04-05 23:20:01,575 http://services.swpc.noaa.gov:80 "GET /products/solar-wind/plasma-2-hour.json HTTP/1.1" 200 None
2018-04-05 23:20:01,582 SAVING datapoint values to file: log.csv
2018-04-05 23:20:01,583 SAVING datapoint values to file: display.csv
2018-04-05 23:20:57,765 Created error log for this session
2018-04-05 23:20:57,766 loading datapoints from CSV: log.csv
2018-04-05 23:20:57,766 SAVING datapoint values to file: log.backup
2018-04-05 23:20:57,768 starting image from URL download
2018-04-05 23:20:59,996 starting image from URL download
2018-04-05 23:21:01,392 Starting new HTTP connection (1): services.swpc.noaa.gov
2018-04-05 23:21:01,932 http://services.swpc.noaa.gov:80 "GET /products/solar-wind/plasma-2-hour.json HTTP/1.1" 200 None
2018-04-05 23:21:01,937 SAVING datapoint values to file: log.csv
2018-04-05 23:21:01,938 SAVING datapoint values to file: display.csv
2018-04-05 23:21:19,819 Created error log for this session
2018-04-05 23:21:19,819 loading datapoints from CSV: log.csv
2018-04-05 23:21:19,820 SAVING datapoint values to file: log.backup
2018-04-05 23:21:19,821 starting image from URL download
2018-04-05 23:21:21,549 starting image from URL download
2018-04-05 23:21:22,933 Starting new HTTP connection (1): services.swpc.noaa.gov
2018-04-05 23:21:23,301 http://services.swpc.noaa.gov:80 "GET /products/solar-wind/plasma-2-hour.json HTTP/1.1" 200 None
2018-04-05 23:21:23,308 SAVING datapoint values to file: log.csv
2018-04-05 23:21:23,309 SAVING datapoint values to file: display.csv
2018-04-05 23:22:52,309 Created error log for this session
2018-04-05 23:22:52,309 loading datapoints from CSV: log.csv
2018-04-05 23:22:52,310 SAVING datapoint values to file: log.backup
2018-04-05 23:22:52,311 starting image from URL download
2018-04-05 23:22:54,913 starting image from URL download
2018-04-05 23:22:56,310 Starting new HTTP connection (1): services.swpc.noaa.gov
2018-04-05 23:22:57,088 http://services.swpc.noaa.gov:80 "GET /products/solar-wind/plasma-2-hour.json HTTP/1.1" 200 None
2018-04-05 23:22:57,094 SAVING datapoint values to file: log.csv
2018-04-05 23:22:57,095 SAVING datapoint values to file: display.csv
2018-04-06 10:21:33,529 Created error log for this session
2018-04-06 10:21:33,529 loading datapoints from CSV: log.csv
2018-04-06 10:21:33,529 SAVING datapoint values to file: log.backup
2018-04-06 10:21:33,529 starting image from URL download
2018-04-06 10:21:36,129 starting image from URL download
2018-04-06 10:21:38,333 Unable to process SDO image
2018-04-06 10:21:38,333 Starting new HTTP connection (1): services.swpc.noaa.gov
2018-04-06 10:21:38,958 http://services.swpc.noaa.gov:80 "GET /products/solar-wind/plasma-2-hour.json HTTP/1.1" 200 None
2018-04-06 10:23:18,915 Created error log for this session
2018-04-06 10:23:18,915 loading datapoints from CSV: log.csv
2018-04-06 10:23:18,915 SAVING datapoint values to file: log.backup
2018-04-06 10:23:18,915 starting image from URL download
2018-04-06 10:23:20,993 starting image from URL download
2018-04-06 10:23:22,734 Unable to process SDO image
2018-04-06 10:23:22,734 Starting new HTTP connection (1): services.swpc.noaa.gov
2018-04-06 10:23:23,218 http://services.swpc.noaa.gov:80 "GET /products/solar-wind/plasma-2-hour.json HTTP/1.1" 200 None
2018-04-06 10:23:23,218 SAVING datapoint values to file: log.csv
2018-04-06 10:23:23,234 SAVING datapoint values to file: display.csv
2018-04-06 10:23:59,891 Created error log for this session
2018-04-06 10:23:59,891 loading datapoints from CSV: log.csv
2018-04-06 10:23:59,891 SAVING datapoint values to file: log.backup
2018-04-06 10:23:59,907 starting image from URL download
2018-04-06 10:24:02,065 starting image from URL download
2018-04-06 10:24:03,806 Unable to process SDO image
2018-04-06 10:24:03,822 Starting new HTTP connection (1): services.swpc.noaa.gov
2018-04-06 10:24:04,166 http://services.swpc.noaa.gov:80 "GET /products/solar-wind/plasma-2-hour.json HTTP/1.1" 200 None
2018-04-06 10:24:04,166 SAVING datapoint values to file: log.csv
2018-04-06 10:24:04,166 SAVING datapoint values to file: display.csv
2018-04-06 13:43:44,374 Created error log for this session
2018-04-06 13:43:44,374 loading datapoints from CSV: log.csv
2018-04-06 13:43:44,374 SAVING datapoint values to file: log.backup
2018-04-06 13:43:44,374 starting image from URL download
2018-04-06 13:43:46,672 starting image from URL download
2018-04-06 13:43:49,005 Unable to process SDO image
2018-04-06 13:43:49,005 Starting new HTTP connection (1): services.swpc.noaa.gov
2018-04-06 13:43:49,294 http://services.swpc.noaa.gov:80 "GET /products/solar-wind/plasma-2-hour.json HTTP/1.1" 200 None
2018-04-06 13:43:49,310 SAVING datapoint values to file: log.csv
2018-04-06 13:43:49,310 SAVING datapoint values to file: display.csv
2018-04-06 13:45:24,379 Created error log for this session
2018-04-06 13:45:24,379 loading datapoints from CSV: log.csv
2018-04-06 13:45:24,379 SAVING datapoint values to file: log.backup
2018-04-06 13:45:24,379 starting image from URL download
2018-04-06 13:45:26,692 starting image from URL download
2018-04-06 13:45:28,448 Unable to process SDO image
2018-04-06 13:45:28,448 Starting new HTTP connection (1): services.swpc.noaa.gov
2018-04-06 13:45:28,730 http://services.swpc.noaa.gov:80 "GET /products/solar-wind/plasma-2-hour.json HTTP/1.1" 200 None
2018-04-06 13:45:28,745 SAVING datapoint values to file: log.csv
2018-04-06 13:45:28,745 SAVING datapoint values to file: display.csv
2018-04-06 13:47:21,213 Created error log for this session
2018-04-06 13:47:21,213 loading datapoints from CSV: log.csv
2018-04-06 13:47:21,213 SAVING datapoint values to file: log.backup
2018-04-06 13:47:21,213 starting image from URL download
2018-04-06 13:47:23,010 starting image from URL download
2018-04-06 13:47:24,776 Unable to process SDO image
2018-04-06 13:47:24,776 Starting new HTTP connection (1): services.swpc.noaa.gov
2018-04-06 13:47:25,073 http://services.swpc.noaa.gov:80 "GET /products/solar-wind/plasma-2-hour.json HTTP/1.1" 200 None
2018-04-06 13:53:47,793 Created error log for this session
2018-04-06 13:53:47,793 loading datapoints from CSV: log.csv
2018-04-06 13:53:47,793 SAVING datapoint values to file: log.backup
2018-04-06 13:53:47,793 starting image from URL download
2018-04-06 13:53:49,856 starting image from URL download
2018-04-06 13:53:51,773 Unable to process SDO image
2018-04-06 13:53:51,773 Starting new HTTP connection (1): services.swpc.noaa.gov
2018-04-06 13:53:52,523 http://services.swpc.noaa.gov:80 "GET /products/solar-wind/plasma-2-hour.json HTTP/1.1" 200 None
2018-04-06 13:55:09,834 Created error log for this session
2018-04-06 13:55:09,834 loading datapoints from CSV: log.csv
2018-04-06 13:55:09,834 SAVING datapoint values to file: log.backup
2018-04-06 13:55:09,849 starting image from URL download
2018-04-06 13:55:11,645 starting image from URL download
2018-04-06 13:55:13,400 Unable to process SDO image
2018-04-06 13:55:13,400 Starting new HTTP connection (1): services.swpc.noaa.gov
2018-04-06 13:55:13,697 http://services.swpc.noaa.gov:80 "GET /products/solar-wind/plasma-2-hour.json HTTP/1.1" 200 None
2018-04-06 13:56:04,318 Created error log for this session
2018-04-06 13:56:04,318 loading datapoints from CSV: log.csv
2018-04-06 13:56:04,318 SAVING datapoint values to file: log.backup
2018-04-06 13:56:04,318 starting image from URL download
2018-04-06 13:56:06,162 starting image from URL download
2018-04-06 13:58:40,648 Created error log for this session
2018-04-06 13:58:40,648 loading datapoints from CSV: log.csv
2018-04-06 13:58:40,648 SAVING datapoint values to file: log.backup
2018-04-06 13:58:40,648 starting image from URL download
2018-04-06 13:58:43,134 starting image from URL download
2018-04-06 13:58:44,915 Starting new HTTP connection (1): services.swpc.noaa.gov
2018-04-06 13:58:45,384 http://services.swpc.noaa.gov:80 "GET /products/solar-wind/plasma-2-hour.json HTTP/1.1" 200 None
2018-04-06 13:58:45,400 SAVING datapoint values to file: log.csv
2018-04-06 13:58:45,400 SAVING datapoint values to file: display.csv
2018-04-06 13:59:42,307 Created error log for this session
2018-04-06 13:59:42,307 loading datapoints from CSV: log.csv
2018-04-06 13:59:42,307 SAVING datapoint values to file: log.backup
2018-04-06 13:59:42,307 starting image from URL download
2018-04-06 13:59:45,182 starting image from URL download
2018-04-06 13:59:47,245 Starting new HTTP connection (1): services.swpc.noaa.gov
2018-04-06 13:59:47,838 http://services.swpc.noaa.gov:80 "GET /products/solar-wind/plasma-2-hour.json HTTP/1.1" 200 None
2018-04-06 13:59:47,838 SAVING datapoint values to file: log.csv
2018-04-06 13:59:47,838 SAVING datapoint values to file: display.csv
2018-04-06 14:01:15,466 Created error log for this session
2018-04-06 14:01:15,482 loading datapoints from CSV: log.csv
2018-04-06 14:01:15,482 SAVING datapoint values to file: log.backup
2018-04-06 14:01:15,482 starting image from URL download
2018-04-06 14:01:18,045 starting image from URL download
2018-04-06 14:01:19,785 Starting new HTTP connection (1): services.swpc.noaa.gov
2018-04-06 14:01:20,066 http://services.swpc.noaa.gov:80 "GET /products/solar-wind/plasma-2-hour.json HTTP/1.1" 200 None
2018-04-06 14:01:20,066 SAVING datapoint values to file: log.csv
2018-04-06 14:01:20,066 SAVING datapoint values to file: display.csv
2018-04-06 14:01:50,694 Created error log for this session
2018-04-06 14:01:50,694 loading datapoints from CSV: log.csv
2018-04-06 14:01:50,694 SAVING datapoint values to file: log.backup
2018-04-06 14:01:50,694 starting image from URL download
2018-04-06 14:01:52,444 starting image from URL download
2018-04-06 14:01:54,194 Starting new HTTP connection (1): services.swpc.noaa.gov
2018-04-06 14:01:54,663 http://services.swpc.noaa.gov:80 "GET /products/solar-wind/plasma-2-hour.json HTTP/1.1" 200 None
2018-04-06 14:01:54,663 SAVING datapoint values to file: log.csv
2018-04-06 14:01:54,663 SAVING datapoint values to file: display.csv
2018-04-06 14:03:47,751 Created error log for this session
2018-04-06 14:03:47,751 loading datapoints from CSV: log.csv
2018-04-06 14:03:47,751 SAVING datapoint values to file: log.backup
2018-04-06 14:03:47,751 starting image from URL download
2018-04-06 14:03:49,376 starting image from URL download
2018-04-06 14:03:51,127 Starting new HTTP connection (1): services.swpc.noaa.gov
2018-04-06 14:03:51,689 http://services.swpc.noaa.gov:80 "GET /products/solar-wind/plasma-2-hour.json HTTP/1.1" 200 None
2018-04-06 14:03:51,689 SAVING datapoint values to file: log.csv
2018-04-06 14:03:51,689 SAVING datapoint values to file: display.csv
2018-04-06 14:13:45,247 Created error log for this session
2018-04-06 14:13:45,247 loading datapoints from CSV: log.csv
2018-04-06 14:13:45,247 SAVING datapoint values to file: log.backup
2018-04-06 14:13:45,247 starting image from URL download
2018-04-06 14:13:47,158 starting image from URL download
2018-04-06 14:13:49,091 Starting new HTTP connection (1): services.swpc.noaa.gov
2018-04-06 14:13:49,450 http://services.swpc.noaa.gov:80 "GET /products/solar-wind/plasma-2-hour.json HTTP/1.1" 200 None
2018-04-06 14:13:49,450 SAVING datapoint values to file: log.csv
2018-04-06 14:13:49,450 SAVING datapoint values to file: display.csv
2018-04-06 14:24:49,388 Created error log for this session
2018-04-06 14:24:49,388 loading datapoints from CSV: log.csv
2018-04-06 14:24:49,388 SAVING datapoint values to file: log.backup
2018-04-06 14:24:49,403 starting image from URL download
2018-04-06 14:24:51,185 starting image from URL download
2018-04-06 14:24:53,263 Starting new HTTP connection (1): services.swpc.noaa.gov
2018-04-06 14:24:53,607 http://services.swpc.noaa.gov:80 "GET /products/solar-wind/plasma-2-hour.json HTTP/1.1" 200 None
2018-04-06 14:24:53,607 SAVING datapoint values to file: log.csv
2018-04-06 14:24:53,607 SAVING datapoint values to file: display.csv
2018-04-06 14:31:54,626 Created error log for this session
2018-04-06 14:31:54,626 loading datapoints from CSV: log.csv
2018-04-06 14:31:54,626 SAVING datapoint values to file: log.backup
2018-04-06 14:31:54,626 starting image from URL download
2018-04-06 14:31:55,548 starting image from URL download
2018-04-06 14:31:57,610 Starting new HTTP connection (1): services.swpc.noaa.gov
2018-04-06 14:31:57,954 http://services.swpc.noaa.gov:80 "GET /products/solar-wind/plasma-2-hour.json HTTP/1.1" 200 None
2018-04-06 14:31:57,954 SAVING datapoint values to file: log.csv
2018-04-06 14:31:57,954 SAVING datapoint values to file: display.csv
2018-04-06 14:38:08,120 Created error log for this session
2018-04-06 14:38:08,120 loading datapoints from CSV: log.csv
2018-04-06 14:38:08,120 SAVING datapoint values to file: log.backup
2018-04-06 14:38:08,120 starting image from URL download
2018-04-06 14:38:10,433 starting image from URL download
2018-04-06 14:38:12,370 Starting new HTTP connection (1): services.swpc.noaa.gov
2018-04-06 14:38:13,105 http://services.swpc.noaa.gov:80 "GET /products/solar-wind/plasma-2-hour.json HTTP/1.1" 200 None
2018-04-06 14:38:13,105 SAVING datapoint values to file: log.csv
2018-04-06 14:38:13,105 SAVING datapoint values to file: display.csv
2018-04-06 14:44:26,825 Created error log for this session
2018-04-06 14:44:26,825 loading datapoints from CSV: log.csv
2018-04-06 14:44:26,825 SAVING datapoint values to file: log.backup
2018-04-06 14:44:26,825 starting image from URL download
2018-04-06 14:44:28,825 starting image from URL download
2018-04-06 14:44:31,028 Starting new HTTP connection (1): services.swpc.noaa.gov
2018-04-06 14:44:31,356 http://services.swpc.noaa.gov:80 "GET /products/solar-wind/plasma-2-hour.json HTTP/1.1" 200 None
2018-04-06 14:44:31,356 SAVING datapoint values to file: log.csv
2018-04-06 14:44:31,372 SAVING datapoint values to file: display.csv
2018-04-06 14:44:54,781 Created error log for this session
2018-04-06 14:44:54,781 loading datapoints from CSV: log.csv
2018-04-06 14:44:54,781 SAVING datapoint values to file: log.backup
2018-04-06 14:44:54,781 starting image from URL download
2018-04-06 14:44:56,641 starting image from URL download
2018-04-06 14:44:58,412 Starting new HTTP connection (1): services.swpc.noaa.gov
2018-04-06 14:44:58,693 http://services.swpc.noaa.gov:80 "GET /products/solar-wind/plasma-2-hour.json HTTP/1.1" 200 None
2018-04-06 14:44:58,709 SAVING datapoint values to file: log.csv
2018-04-06 14:44:58,709 SAVING datapoint values to file: display.csv
2018-04-06 14:45:10,021 Created error log for this session
2018-04-06 14:45:10,021 loading datapoints from CSV: log.csv
2018-04-06 14:45:10,021 SAVING datapoint values to file: log.backup
2018-04-06 14:45:10,021 starting image from URL download
2018-04-06 14:45:12,177 starting image from URL download
2018-04-06 14:45:13,927 Starting new HTTP connection (1): services.swpc.noaa.gov
2018-04-06 14:45:14,224 http://services.swpc.noaa.gov:80 "GET /products/solar-wind/plasma-2-hour.json HTTP/1.1" 200 None
2018-04-06 14:45:14,239 SAVING datapoint values to file: log.csv
2018-04-06 14:45:14,239 SAVING datapoint values to file: display.csv
2018-04-06 14:46:58,340 Created error log for this session
2018-04-06 14:46:58,340 loading datapoints from CSV: log.csv
2018-04-06 14:46:58,340 SAVING datapoint values to file: log.backup
2018-04-06 14:46:58,356 starting image from URL download
2018-04-06 14:46:59,590 starting image from URL download
2018-04-06 14:47:01,341 Starting new HTTP connection (1): services.swpc.noaa.gov
2018-04-06 14:47:01,809 http://services.swpc.noaa.gov:80 "GET /products/solar-wind/plasma-2-hour.json HTTP/1.1" 200 None
2018-04-06 14:47:01,825 SAVING datapoint values to file: log.csv
2018-04-06 14:47:01,825 SAVING datapoint values to file: display.csv
2018-04-06 14:47:22,942 Created error log for this session
2018-04-06 14:47:22,942 loading datapoints from CSV: log.csv
2018-04-06 14:47:22,942 SAVING datapoint values to file: log.backup
2018-04-06 14:47:22,942 starting image from URL download
2018-04-06 14:47:24,770 starting image from URL download
2018-04-06 14:47:26,520 Starting new HTTP connection (1): services.swpc.noaa.gov
2018-04-06 14:47:26,817 http://services.swpc.noaa.gov:80 "GET /products/solar-wind/plasma-2-hour.json HTTP/1.1" 200 None
2018-04-06 14:47:26,817 SAVING datapoint values to file: log.csv
2018-04-06 14:47:26,833 SAVING datapoint values to file: display.csv
2018-04-06 14:47:52,789 Created error log for this session
2018-04-06 14:47:52,789 loading datapoints from CSV: log.csv
2018-04-06 14:47:52,789 SAVING datapoint values to file: log.backup
2018-04-06 14:47:52,789 starting image from URL download
2018-04-06 14:47:53,727 starting image from URL download
2018-04-06 14:47:55,477 Starting new HTTP connection (1): services.swpc.noaa.gov
2018-04-06 14:47:55,961 http://services.swpc.noaa.gov:80 "GET /products/solar-wind/plasma-2-hour.json HTTP/1.1" 200 None
2018-04-06 14:47:55,961 SAVING datapoint values to file: log.csv
2018-04-06 14:47:55,961 SAVING datapoint values to file: display.csv
2018-04-06 14:48:42,118 Created error log for this session
2018-04-06 14:48:42,118 loading datapoints from CSV: log.csv
2018-04-06 14:48:42,118 SAVING datapoint values to file: log.backup
2018-04-06 14:48:42,118 starting image from URL download
2018-04-06 14:48:43,508 starting image from URL download
2018-04-06 14:49:29,783 Created error log for this session
2018-04-06 14:49:29,783 loading datapoints from CSV: log.csv
2018-04-06 14:49:29,783 SAVING datapoint values to file: log.backup
2018-04-06 14:49:29,783 starting image from URL download
2018-04-06 14:49:31,580 starting image from URL download
2018-04-06 14:49:51,990 Created error log for this session
2018-04-06 14:49:51,990 loading datapoints from CSV: log.csv
2018-04-06 14:49:51,990 SAVING datapoint values to file: log.backup
2018-04-06 14:49:51,990 starting image from URL download
2018-04-06 14:49:53,819 starting image from URL download
