2017-08-20 16:52:18,613 Created error log for this session
2017-08-20 16:52:18,614 Creating the instance of each station...
2017-08-20 16:52:18,614 Creating the list of magnetometer stations
2017-08-21 15:04:44,817 Created error log for this session
2017-08-21 15:04:44,817 Creating the instance of each station...
2017-08-21 15:04:44,817 Creating the list of magnetometer stations
2017-08-21 15:06:18,723 Created error log for this session
2017-08-21 15:06:18,723 Creating the instance of each station...
2017-08-21 15:06:18,799 Creating the list of magnetometer stations
2017-08-21 15:08:02,608 Created error log for this session
2017-08-21 15:08:02,608 Creating the instance of each station...
2017-08-21 15:08:02,682 Creating the list of magnetometer stations
2017-08-21 15:08:02,692 Start datatime is: 1503075960.0 End datatime is: 1503162240.0 1438.0 records stored
2017-08-21 15:08:41,323 Created error log for this session
2017-08-21 15:08:41,323 Creating the instance of each station...
2017-08-21 15:08:41,397 Creating the list of magnetometer stations
2017-08-21 15:08:41,402 Start datatime is: 1503075960.0 End datatime is: 1503162240.0 1438.0 records stored
2017-08-21 15:09:37,843 Created error log for this session
2017-08-21 15:09:37,843 Creating the instance of each station...
2017-08-21 15:09:37,915 Creating the list of magnetometer stations
2017-08-21 15:09:37,922 Start datatime is: 1503075960.0 End datatime is: 1503162240.0 1438.0 records stored
2017-08-21 15:11:42,160 Creating the list of magnetometer stations
2017-08-21 15:11:42,163 Start datatime is: 1503075960.0 End datatime is: 1503162240.0 1438.0 records stored
2017-08-21 15:12:52,571 Created error log for this session
2017-08-21 15:12:52,571 Creating the instance of each station...
2017-08-21 15:12:52,643 Creating the list of magnetometer stations
2017-08-21 15:12:52,647 Start datatime is: 1503075960.0 End datatime is: 1503162240.0 1438.0 records stored
2017-08-22 18:31:59,583 Created error log for this session
2017-08-22 18:31:59,583 Creating the instance of each station...
2017-08-22 18:31:59,583 Creating the list of magnetometer stations
2017-08-22 18:32:18,705 Created error log for this session
2017-08-22 18:32:18,705 Creating the instance of each station...
2017-08-22 18:32:18,783 Creating the list of magnetometer stations
2017-08-22 18:33:01,394 Created error log for this session
2017-08-22 18:33:01,394 Creating the instance of each station...
2017-08-22 18:33:01,469 Creating the list of magnetometer stations
2017-08-22 18:33:01,476 Start datatime is: 1503075960.0 End datatime is: 1503162240.0 1438.0 records stored
2017-08-22 18:42:38,000 Created error log for this session
2017-08-22 18:42:38,000 Creating the instance of each station...
2017-08-22 18:42:38,075 Creating the list of magnetometer stations
2017-08-22 18:42:38,075 Start datatime is: 1503075960.0 End datatime is: 1503162240.0 1438.0 records stored
2017-08-22 18:44:31,805 Created error log for this session
2017-08-22 18:44:31,805 Creating the instance of each station...
2017-08-22 18:44:31,881 Creating the list of magnetometer stations
2017-08-22 18:44:31,881 Start datatime is: 1503075960.0 End datatime is: 1503162240.0 1438.0 records stored
2017-08-22 18:45:15,870 Created error log for this session
2017-08-22 18:45:15,870 Creating the instance of each station...
2017-08-22 18:45:15,946 Creating the list of magnetometer stations
2017-08-22 18:45:15,946 Start datatime is: 1503075960.0 End datatime is: 1503162240.0 1438.0 records stored
2017-08-22 18:49:03,889 Created error log for this session
2017-08-22 18:49:03,889 Creating the instance of each station...
2017-08-22 18:49:03,897 Creating the list of magnetometer stations
2017-08-22 18:49:03,903 Start datatime is: 2000000000 End datatime is: -2000000000 -66666666.666666664 records stored
2017-08-22 18:49:36,789 Created error log for this session
2017-08-22 18:49:36,790 Creating the instance of each station...
2017-08-22 18:49:36,914 Creating the list of magnetometer stations
2017-08-22 18:49:36,915 Start datatime is: 1503075960.0 End datatime is: 1503162240.0 1438.0 records stored
2017-08-22 19:03:03,509 Created error log for this session
2017-08-22 19:03:03,509 Creating the instance of each station...
2017-08-22 19:03:03,590 Creating the list of magnetometer stations
2017-08-22 19:03:03,590 Start datatime is: 1503075960.0 End datatime is: 1503162240.0 1438.0 records stored
2017-08-22 19:08:14,853 Created error log for this session
2017-08-22 19:08:14,853 Creating the instance of each station...
2017-08-22 19:08:14,925 Creating the list of magnetometer stations
2017-08-22 19:08:14,925 Start datatime is: 1503075960.0 End datatime is: 1503162240.0 1438.0 records stored
2017-08-22 19:08:59,271 Created error log for this session
2017-08-22 19:08:59,271 Creating the instance of each station...
2017-08-22 19:08:59,390 Creating the list of magnetometer stations
2017-08-22 19:08:59,390 Start datatime is: 1503075960.0 End datatime is: 1503162240.0 1438.0 records stored
2017-08-22 19:09:45,752 Created error log for this session
2017-08-22 19:09:45,752 Creating the instance of each station...
2017-08-22 19:09:45,866 Creating the list of magnetometer stations
2017-08-22 19:09:45,867 Start datatime is: 1503075960.0 End datatime is: 1503162240.0 1438.0 records stored
2017-08-22 19:10:05,394 Created error log for this session
2017-08-22 19:10:05,395 Creating the instance of each station...
2017-08-22 19:10:05,509 Creating the list of magnetometer stations
2017-08-22 19:10:05,509 Start datatime is: 1503075960.0 End datatime is: 1503162240.0 1438.0 records stored
2017-08-22 19:10:10,603 Created error log for this session
2017-08-22 19:10:10,603 Creating the instance of each station...
2017-08-22 19:10:10,718 Creating the list of magnetometer stations
2017-08-22 19:10:10,718 Start datatime is: 1503075960.0 End datatime is: 1503162240.0 1438.0 records stored
2017-08-22 19:16:44,880 Created error log for this session
2017-08-22 19:16:44,880 Creating the instance of each station...
2017-08-22 19:16:44,995 Creating the list of magnetometer stations
2017-08-22 19:16:44,995 Start datatime is: 1503075960.0 End datatime is: 1503162240.0 1438.0 records stored
2017-08-22 19:17:14,234 Created error log for this session
2017-08-22 19:17:14,234 Creating the instance of each station...
2017-08-22 19:17:14,305 Creating the list of magnetometer stations
2017-08-22 19:17:14,305 Start datatime is: 1503075960.0 End datatime is: 1503162240.0 1438.0 records stored
2017-08-22 19:25:00,454 Created error log for this session
2017-08-22 19:25:00,455 Creating the instance of each station...
2017-08-22 19:25:00,528 Creating the list of magnetometer stations
2017-08-22 19:25:00,528 Start datatime is: 1503075960.0 End datatime is: 1503162240.0 1438.0 records stored
2017-08-22 19:25:28,896 Created error log for this session
2017-08-22 19:25:28,896 Creating the instance of each station...
2017-08-22 19:25:28,969 Creating the list of magnetometer stations
2017-08-22 19:25:28,969 Start datatime is: 1503075960.0 End datatime is: 1503162240.0 1438.0 records stored
2017-08-22 19:26:19,899 Created error log for this session
2017-08-22 19:26:19,899 Creating the instance of each station...
2017-08-22 19:26:19,981 Creating the list of magnetometer stations
2017-08-22 19:26:19,981 Start datatime is: 1503075960.0 End datatime is: 1503162240.0 1438.0 records stored
2017-08-22 19:27:42,546 Created error log for this session
2017-08-22 19:27:42,546 Creating the instance of each station...
2017-08-22 19:27:42,614 Creating the list of magnetometer stations
2017-08-22 19:27:42,614 Start datatime is: 2000000000 End datatime is: -2000000000 -66666666.666666664 records stored
2017-08-22 19:28:18,886 Created error log for this session
2017-08-22 19:28:18,886 Creating the instance of each station...
2017-08-22 19:28:18,950 Creating the list of magnetometer stations
2017-08-22 19:28:18,950 Start datatime is: 2000000000 End datatime is: -2000000000 -66666666.666666664 records stored
2017-08-22 19:28:41,020 Created error log for this session
2017-08-22 19:28:41,020 Creating the instance of each station...
2017-08-22 19:28:41,089 Creating the list of magnetometer stations
2017-08-22 19:28:41,089 Start datatime is: 2000000000 End datatime is: -2000000000 -66666666.666666664 records stored
2017-08-22 19:29:05,712 Created error log for this session
2017-08-22 19:29:05,713 Creating the instance of each station...
2017-08-22 19:29:05,774 Creating the list of magnetometer stations
2017-08-22 19:29:05,774 Start datatime is: 2000000000 End datatime is: -2000000000 -66666666.666666664 records stored
2017-08-22 19:32:15,882 Created error log for this session
2017-08-22 19:32:15,882 Creating the instance of each station...
2017-08-22 19:32:15,944 Creating the list of magnetometer stations
2017-08-22 19:32:15,944 Start datatime is: 2000000000 End datatime is: -2000000000 -66666666.666666664 records stored
2017-08-22 19:32:58,475 Created error log for this session
2017-08-22 19:32:58,475 Creating the instance of each station...
2017-08-22 19:32:58,535 Creating the list of magnetometer stations
2017-08-22 19:32:58,535 Start datatime is: 2000000000 End datatime is: -2000000000 -66666666.666666664 records stored
2017-08-22 19:33:23,229 Created error log for this session
2017-08-22 19:33:23,230 Creating the instance of each station...
2017-08-22 19:37:38,027 Created error log for this session
2017-08-22 19:37:38,027 Creating the instance of each station...
2017-08-22 19:38:46,563 Created error log for this session
2017-08-22 19:38:46,563 Creating the instance of each station...
2017-08-22 19:39:46,345 Created error log for this session
2017-08-22 19:39:46,345 Creating the instance of each station...
2017-08-22 19:40:15,616 Created error log for this session
2017-08-22 19:40:15,616 Creating the instance of each station...
2017-08-22 19:40:55,994 Created error log for this session
2017-08-22 19:40:55,994 Creating the instance of each station...
2017-08-22 19:40:56,069 Creating the list of magnetometer stations
2017-08-22 19:40:56,069 Start datatime is: 1503075960.0 End datatime is: 1503162240.0 1438.0 records stored
2017-08-22 19:42:06,009 Created error log for this session
2017-08-22 19:42:06,009 Creating the instance of each station...
2017-08-22 19:42:06,081 Creating the list of magnetometer stations
2017-08-22 19:42:06,081 Start datatime is: 1503075960.0 End datatime is: 1503162240.0 1438.0 records stored
