2020-02-18 18:57:19,303 Unable to connect to URL
2020-02-18 18:57:44,998 Unable to connect to URL
2020-02-18 18:57:44,998 error
2020-02-18 19:39:23,263 Other fatal http error.
2020-02-18 19:39:23,325 error
2020-02-23 21:07:15,233 ERROR: list index out of range
2020-02-23 21:07:15,273 CRITICAL ERROR: Cannot connect to database to get datetime value
2020-02-23 21:10:24,829 ERROR: list index out of range
2020-02-23 21:10:24,829 CRITICAL ERROR: Cannot connect to database to get datetime value
2020-02-23 21:11:03,965 ERROR: list index out of range
2020-02-23 21:11:03,965 CRITICAL ERROR: Cannot connect to database to get datetime value
2020-02-23 21:15:49,395 ERROR: list index out of range
2020-02-23 21:15:49,395 CRITICAL ERROR: Cannot connect to database to get datetime value
2020-02-23 21:16:18,610 ERROR: list index out of range
2020-02-23 21:16:18,610 CRITICAL ERROR: Cannot connect to database to get datetime value
2020-02-23 21:17:33,679 ERROR: list index out of range
2020-02-23 21:17:33,680 CRITICAL ERROR: Cannot connect to database to get datetime value
2020-02-23 21:19:00,222 ERROR: list index out of range
2020-02-23 21:19:00,223 CRITICAL ERROR: Cannot connect to database to get datetime value
2020-02-23 21:20:16,485 ERROR: list index out of range
2020-02-23 21:20:16,486 CRITICAL ERROR: Cannot connect to database to get datetime value
2020-02-23 21:21:38,257 ERROR: list index out of range
2020-02-23 21:21:56,870 ERROR: list index out of range
2020-02-23 21:31:04,959 ERROR: list index out of range
2020-02-23 21:31:47,735 ERROR: list index out of range
2020-02-23 21:32:51,704 ERROR: list index out of range
2020-02-23 21:33:06,043 ERROR: list index out of range
2020-02-23 21:34:13,305 ERROR: list index out of range
2020-02-23 21:35:33,348 ERROR: list index out of range
2020-02-23 21:35:51,889 ERROR: list index out of range
2020-02-23 21:36:36,317 ERROR: list index out of range
2020-02-23 21:36:59,080 ERROR: list index out of range
2020-02-23 21:38:11,478 ERROR: list index out of range
2020-02-23 21:41:19,158 ERROR: list index out of range
2020-02-23 21:45:28,708 ERROR: list index out of range
2020-02-23 21:45:50,541 ERROR: list index out of range
2020-02-23 21:46:12,975 ERROR: list index out of range
2020-02-23 21:46:22,353 ERROR: list index out of range
2020-02-23 21:47:00,824 ERROR: list index out of range
